2021-11-02 08:52:21,047  INFO [main] Hooks:38 - ****LAUNCH BROWSER****
2021-11-02 08:52:21,051  INFO [main] Hooks:39 - ------------------------------------------------------------
2021-11-02 08:52:21,051  INFO [main] Hooks:40 - Testing of Enter functionality With Valid Data for Beneficiary Maintenance Menu
2021-11-02 08:52:21,052  INFO [main] Hooks:41 - ------------------------------------------------------------
2021-11-02 08:52:21,053  INFO [main] DriverFactory:23 - Browser value is chrome
2021-11-02 08:52:34,715  INFO [main] LoginPage:64 - Username entered
2021-11-02 08:52:34,820  INFO [main] LoginPage:66 - Password entered
2021-11-02 08:52:52,726  INFO [main] LoginPage:84 - Login Successful
2021-11-08 16:38:56,610  INFO [main] Hooks:38 - ****LAUNCH BROWSER****
2021-11-08 16:38:56,613  INFO [main] Hooks:39 - ------------------------------------------------------------
2021-11-08 16:38:56,614  INFO [main] Hooks:40 - Testing of Enter functionality With Valid Data for Purpose Code Menu
2021-11-08 16:38:56,614  INFO [main] Hooks:41 - ------------------------------------------------------------
2021-11-08 16:38:56,615  INFO [main] DriverFactory:23 - Browser value is chrome
2021-11-08 16:39:26,569  INFO [main] LoginPage:64 - Username entered
2021-11-08 16:39:26,639  INFO [main] LoginPage:66 - Password entered
2021-11-08 16:39:37,798  INFO [main] LoginPage:84 - Login Successful
2021-11-08 16:39:46,578  INFO [main] PurposeCodePage:123 - Cancel Button Is Working Properly
2021-11-08 16:39:48,187  INFO [main] PurposeCodePage:144 - Mandatory Fields Validation Message Displayed Is Correct
2021-11-08 16:42:39,253  INFO [main] Hooks:38 - ****LAUNCH BROWSER****
2021-11-08 16:42:39,256  INFO [main] Hooks:39 - ------------------------------------------------------------
2021-11-08 16:42:39,256  INFO [main] Hooks:40 - Testing of Enter functionality With Valid Data for Purpose Code Menu
2021-11-08 16:42:39,257  INFO [main] Hooks:41 - ------------------------------------------------------------
2021-11-08 16:42:39,257  INFO [main] DriverFactory:23 - Browser value is chrome
2021-11-08 16:42:54,777  INFO [main] LoginPage:64 - Username entered
2021-11-08 16:42:54,852  INFO [main] LoginPage:66 - Password entered
2021-11-08 16:43:08,571  INFO [main] LoginPage:84 - Login Successful
2021-11-08 16:43:17,745  INFO [main] PurposeCodePage:123 - Cancel Button Is Working Properly
2021-11-08 16:43:19,416  INFO [main] PurposeCodePage:144 - Mandatory Fields Validation Message Displayed Is Correct
2021-11-08 16:43:35,421  INFO [main] PurposeCodePage:194 - Cancel Button Is Working Properly
2021-11-08 16:43:46,365  INFO [main] PurposeCodePage:217 - Reset Button Is Working Properly
2021-11-08 16:44:00,666  INFO [main] PurposeCodePage:242 - PurposeCode Record With Values [ Purpose Code : PCODE2812 Description : Test Purpose Code1 Payment Type : IMPS Payment To Registered Beneficiary Only : Y ] Added Successfully 
2021-11-08 16:44:16,957  INFO [main] PurposeCodePage:194 - Cancel Button Is Working Properly
2021-11-08 16:44:27,581  INFO [main] PurposeCodePage:217 - Reset Button Is Working Properly
2021-11-08 16:44:42,358  INFO [main] PurposeCodePage:242 - PurposeCode Record With Values [ Purpose Code : PCODE3812 Description : Test Purpose Code2 Payment Type : NEFT Payment To Registered Beneficiary Only : Y ] Added Successfully 
2021-11-08 16:44:57,642  INFO [main] PurposeCodePage:194 - Cancel Button Is Working Properly
2021-11-08 16:45:08,585  INFO [main] PurposeCodePage:217 - Reset Button Is Working Properly
2021-11-08 16:45:24,151  INFO [main] PurposeCodePage:242 - PurposeCode Record With Values [ Purpose Code : PCODE6611 Description : Test Purpose Code3 Payment Type : RTGS Payment To Registered Beneficiary Only : Y ] Added Successfully 
2021-11-08 16:45:41,028  INFO [main] PurposeCodePage:194 - Cancel Button Is Working Properly
2021-11-08 16:45:52,093  INFO [main] PurposeCodePage:217 - Reset Button Is Working Properly
2021-11-08 16:46:10,025  INFO [main] PurposeCodePage:242 - PurposeCode Record With Values [ Purpose Code : PCODE55Q4 Description : Payment To Merchant Payment Type : IMPS Payment To Registered Beneficiary Only : Y ] Added Successfully 
2021-11-09 19:28:52,980  INFO [main] Hooks:38 - ****LAUNCH BROWSER****
2021-11-09 19:28:52,984  INFO [main] Hooks:39 - ------------------------------------------------------------
2021-11-09 19:28:52,985  INFO [main] Hooks:40 - Testing of Enter functionality With Valid Data for Beneficiary Maintenance Menu
2021-11-09 19:28:52,986  INFO [main] Hooks:41 - ------------------------------------------------------------
2021-11-09 19:28:52,987  INFO [main] DriverFactory:23 - Browser value is chrome
2021-11-09 19:29:17,941  INFO [main] LoginPage:64 - Username entered
2021-11-09 19:29:18,012  INFO [main] LoginPage:66 - Password entered
2021-11-09 19:29:45,876  INFO [main] LoginPage:84 - Login Successful
2021-11-09 19:29:57,838  INFO [main] BeneficiaryMaintenancePage:193 - Cancel Button Is Working Properly
2021-11-09 19:30:01,379  INFO [main] BeneficiaryMaintenancePage:216 - Mandatory Fields Validation Message Displayed Is Correct
2021-11-24 16:23:53,740  INFO [main] Hooks:38 - ****LAUNCH BROWSER****
2021-11-24 16:23:53,745  INFO [main] Hooks:39 - ------------------------------------------------------------
2021-11-24 16:23:53,746  INFO [main] Hooks:40 - Testing of Delete functionality With Valid Data for Purpose Code Menu
2021-11-24 16:23:53,746  INFO [main] Hooks:41 - ------------------------------------------------------------
2021-11-24 16:23:53,748  INFO [main] DriverFactory:23 - Browser value is chrome
2021-11-24 16:24:07,914  INFO [main] LoginPage:64 - Username entered
2021-11-24 16:24:07,996  INFO [main] LoginPage:66 - Password entered
2021-11-24 16:24:21,439  INFO [main] LoginPage:84 - Login Successful
2021-11-24 16:25:28,390  INFO [main] Hooks:38 - ****LAUNCH BROWSER****
2021-11-24 16:25:28,396  INFO [main] Hooks:39 - ------------------------------------------------------------
2021-11-24 16:25:28,397  INFO [main] Hooks:40 - Testing of List functionality for Purpose Code Menu
2021-11-24 16:25:28,397  INFO [main] Hooks:41 - ------------------------------------------------------------
2021-11-24 16:25:28,399  INFO [main] DriverFactory:23 - Browser value is chrome
2021-11-24 16:25:42,794  INFO [main] LoginPage:64 - Username entered
2021-11-24 16:25:42,895  INFO [main] LoginPage:66 - Password entered
2021-11-24 16:25:57,263  INFO [main] LoginPage:84 - Login Successful
2021-11-24 16:26:20,704  INFO [main] PurposeCodePage:433 - Reset Button Is Working Properly
2021-11-24 16:26:36,027  INFO [main] PurposeCodePage:469 - Record With [ Purpose Code : PCODE2812 , Payment Type : RTGS , PaymentToRegisteredBeneficiaryOnly : N , Purpose Code Enable : Y ] Is Displayed In List
2021-11-24 16:26:51,420  INFO [main] PurposeCodePage:433 - Reset Button Is Working Properly
2021-11-24 16:27:06,764  INFO [main] PurposeCodePage:469 - Record With [ Purpose Code : PCODE2030 , Payment Type : IMPS , PaymentToRegisteredBeneficiaryOnly : Y , Purpose Code Enable : Y ] Is Displayed In List
2021-11-24 16:27:22,259  INFO [main] PurposeCodePage:433 - Reset Button Is Working Properly
2021-11-24 16:27:37,592  INFO [main] PurposeCodePage:469 - Record With [ Purpose Code : PCODE55Q4 , Payment Type : IMPS , PaymentToRegisteredBeneficiaryOnly : Y , Purpose Code Enable : Y ] Is Displayed In List
2021-11-24 16:32:44,953  INFO [main] Hooks:38 - ****LAUNCH BROWSER****
2021-11-24 16:32:44,961  INFO [main] Hooks:39 - ------------------------------------------------------------
2021-11-24 16:32:44,962  INFO [main] Hooks:40 - Testing of List functionality for Purpose Code Menu
2021-11-24 16:32:44,962  INFO [main] Hooks:41 - ------------------------------------------------------------
2021-11-24 16:32:44,965  INFO [main] DriverFactory:23 - Browser value is chrome
2021-11-24 16:32:59,979  INFO [main] LoginPage:64 - Username entered
2021-11-24 16:33:00,155  INFO [main] LoginPage:66 - Password entered
2021-11-24 16:33:00,821  INFO [main] LoginPage:74 - ×
Operation Login failed to execute: Operator already logged on.
